<?xml version="1.0" encoding="UTF-8"?>
<!-- Generated by org.testng.reporters.JUnitReportReporter -->
<testsuite hostname="WIN-251I7G81T1F" failures="0" tests="1" name="tests.LandingPageTest" time="5.394" errors="0" timestamp="2024-08-12T15:19:40 BST" skipped="0">
  <testcase classname="tests.LandingPageTest" name="landing" time="5.394"/>
</testsuite> <!-- tests.LandingPageTest -->
