<?xml version="1.0" encoding="UTF-8"?>
<!-- Generated by org.testng.reporters.JUnitReportReporter -->
<testsuite hostname="WIN-251I7G81T1F" failures="0" tests="2" name="tests.DPLoginTest" time="27.232" errors="0" timestamp="2024-09-05T15:11:09 BST" skipped="0">
  <testcase classname="tests.DPLoginTest" name="login" time="15.937"/>
  <testcase classname="tests.DPLoginTest" name="login" time="11.295"/>
</testsuite> <!-- tests.DPLoginTest -->
