<?xml version="1.0" encoding="UTF-8"?>
<!-- Generated by org.testng.reporters.JUnitReportReporter -->
<testsuite hostname="WIN-251I7G81T1F" failures="0" tests="1" name="tests.LoginTest" time="6.965" errors="0" timestamp="2024-09-05T15:11:09 BST" skipped="0">
  <testcase classname="tests.LoginTest" name="landingTest" time="6.965"/>
</testsuite> <!-- tests.LoginTest -->
