<?xml version="1.0" encoding="UTF-8"?>
<!-- Generated by org.testng.reporters.JUnitReportReporter -->
<testsuite hostname="WIN-251I7G81T1F" failures="0" tests="2" name="tests.DPLoginTest" time="21.947" errors="0" timestamp="2024-09-01T12:34:48 BST" skipped="0">
  <testcase classname="tests.DPLoginTest" name="login" time="15.462"/>
  <testcase classname="tests.DPLoginTest" name="login" time="6.485"/>
</testsuite> <!-- tests.DPLoginTest -->
