<?xml version="1.0" encoding="UTF-8"?>
<!-- Generated by org.testng.reporters.JUnitReportReporter -->
<testsuite hostname="WIN-251I7G81T1F" failures="0" tests="1" name="runners.RunnerTest" time="11.667" errors="0" timestamp="2024-08-30T12:12:50 BST" skipped="0">
  <testcase classname="runners.RunnerTest" name="runScenario" time="11.667"/>
</testsuite> <!-- runners.RunnerTest -->
