<?xml version="1.0" encoding="UTF-8"?>
<!-- Generated by org.testng.reporters.JUnitReportReporter -->
<testsuite hostname="WIN-251I7G81T1F" failures="0" tests="1" name="tests.LandingPageTest" time="7.147" errors="0" timestamp="2024-08-18T17:19:56 BST" skipped="0">
  <testcase classname="tests.LandingPageTest" name="landing" time="7.147"/>
</testsuite> <!-- tests.LandingPageTest -->
